2013-12-06 07:45:29.374 ICS App[27668:80b] Multi-tasking -> Device: YES, App: YES
2013-12-06 07:45:29.405 ICS App[27668:80b] Unlimited access to network resources
2013-12-06 07:45:29.722 ICS App[27668:80b] Resetting plugins due to page load.
2013-12-06 07:45:29.947 ICS App[27668:80b] Finished load of: file:///Users/Dylan/Library/Application%20Support/iPhone%20Simulator/7.0.3/Applications/859FDDEF-074E-4477-85EF-475E5D8981C5/ICS%20App.app/www/index.html
2013-12-06 07:49:36.771 ICS App[28571:80b] Multi-tasking -> Device: YES, App: YES
2013-12-06 07:49:36.781 ICS App[28571:80b] Unlimited access to network resources
2013-12-06 07:49:37.010 ICS App[28571:80b] Resetting plugins due to page load.
2013-12-06 07:49:37.112 ICS App[28571:80b] Finished load of: file:///Users/Dylan/Library/Application%20Support/iPhone%20Simulator/7.0.3/Applications/B2C83AA0-9343-4F6F-B776-B6DA6F858834/ICS%20App.app/www/index.html
Terminating in response to SpringBoard's termination.
2013-12-06 07:50:47.332 ICS App[29444:80b] Multi-tasking -> Device: YES, App: YES
2013-12-06 07:50:47.342 ICS App[29444:80b] Unlimited access to network resources
2013-12-06 07:50:47.563 ICS App[29444:80b] Resetting plugins due to page load.
2013-12-06 07:50:47.672 ICS App[29444:80b] Finished load of: file:///Users/Dylan/Library/Application%20Support/iPhone%20Simulator/7.0.3/Applications/B2C83AA0-9343-4F6F-B776-B6DA6F858834/ICS%20App.app/www/index.html
2013-12-06 07:51:58.457 ICS App[30051:80b] Multi-tasking -> Device: YES, App: YES
2013-12-06 07:51:58.468 ICS App[30051:80b] Unlimited access to network resources
2013-12-06 07:51:58.680 ICS App[30051:80b] Resetting plugins due to page load.
2013-12-06 07:51:58.744 ICS App[30051:80b] Finished load of: file:///Users/Dylan/Library/Application%20Support/iPhone%20Simulator/7.0.3/Applications/B2C83AA0-9343-4F6F-B776-B6DA6F858834/ICS%20App.app/www/index.html
2013-12-06 07:58:00.421 ICS App[30747:80b] Multi-tasking -> Device: YES, App: YES
2013-12-06 07:58:00.431 ICS App[30747:80b] Unlimited access to network resources
2013-12-06 07:58:00.670 ICS App[30747:80b] Resetting plugins due to page load.
2013-12-06 07:58:01.354 ICS App[30747:80b] Finished load of: file:///Users/Dylan/Library/Application%20Support/iPhone%20Simulator/7.0.3/Applications/B2C83AA0-9343-4F6F-B776-B6DA6F858834/ICS%20App.app/www/index.html
2013-12-06 07:58:21.759 ICS App[30747:80b] Resetting plugins due to page load.
2013-12-06 07:58:21.796 ICS App[30747:80b] Failed to load webpage with error: The requested URL was not found on this server.
2013-12-06 07:58:23.206 ICS App[30747:80b] Resetting plugins due to page load.
2013-12-06 07:58:23.316 ICS App[30747:80b] Finished load of: file:///Users/Dylan/Library/Application%20Support/iPhone%20Simulator/7.0.3/Applications/B2C83AA0-9343-4F6F-B776-B6DA6F858834/ICS%20App.app/www/teachers/livingston.html
2013-12-06 07:58:27.593 ICS App[30747:80b] Resetting plugins due to page load.
2013-12-06 07:58:27.864 ICS App[30747:80b] Finished load of: file:///Users/Dylan/Library/Application%20Support/iPhone%20Simulator/7.0.3/Applications/B2C83AA0-9343-4F6F-B776-B6DA6F858834/ICS%20App.app/www/index.html
2013-12-06 07:58:30.284 ICS App[30747:80b] Resetting plugins due to page load.
2013-12-06 07:58:31.294 ICS App[30747:80b] Finished load of: file:///Users/Dylan/Library/Application%20Support/iPhone%20Simulator/7.0.3/Applications/B2C83AA0-9343-4F6F-B776-B6DA6F858834/ICS%20App.app/www/calendar.html
2013-12-06 07:58:38.544 ICS App[30747:80b] Resetting plugins due to page load.
2013-12-06 07:58:38.567 ICS App[30747:80b] Finished load of: file:///Users/Dylan/Library/Application%20Support/iPhone%20Simulator/7.0.3/Applications/B2C83AA0-9343-4F6F-B776-B6DA6F858834/ICS%20App.app/www/contact.html
2013-12-06 08:00:54.440 ICS App[32007:80b] Multi-tasking -> Device: YES, App: YES
2013-12-06 08:00:54.450 ICS App[32007:80b] Unlimited access to network resources
2013-12-06 08:00:54.664 ICS App[32007:80b] Resetting plugins due to page load.
2013-12-06 08:00:56.067 ICS App[32007:80b] Finished load of: file:///Users/Dylan/Library/Application%20Support/iPhone%20Simulator/7.0.3/Applications/B2C83AA0-9343-4F6F-B776-B6DA6F858834/ICS%20App.app/www/index.html
2013-12-06 08:01:02.867 ICS App[32007:80b] Resetting plugins due to page load.
2013-12-06 08:01:02.886 ICS App[32007:80b] Finished load of: file:///Users/Dylan/Library/Application%20Support/iPhone%20Simulator/7.0.3/Applications/B2C83AA0-9343-4F6F-B776-B6DA6F858834/ICS%20App.app/www/teachers/livingston.html
2013-12-06 08:06:08.966 ICS App[32649:80b] Multi-tasking -> Device: YES, App: YES
2013-12-06 08:06:08.977 ICS App[32649:80b] Unlimited access to network resources
2013-12-06 08:06:09.204 ICS App[32649:80b] Resetting plugins due to page load.
2013-12-06 08:06:09.685 ICS App[32649:80b] Finished load of: file:///Users/Dylan/Library/Application%20Support/iPhone%20Simulator/7.0.3/Applications/B2C83AA0-9343-4F6F-B776-B6DA6F858834/ICS%20App.app/www/index.html
2013-12-06 08:06:41.385 ICS App[32649:80b] Resetting plugins due to page load.
2013-12-06 08:06:41.762 ICS App[32649:80b] Finished load of: file:///Users/Dylan/Library/Application%20Support/iPhone%20Simulator/7.0.3/Applications/B2C83AA0-9343-4F6F-B776-B6DA6F858834/ICS%20App.app/www/calendar.html
2013-12-06 08:06:51.777 ICS App[32649:80b] Resetting plugins due to page load.
2013-12-06 08:06:51.800 ICS App[32649:80b] Finished load of: file:///Users/Dylan/Library/Application%20Support/iPhone%20Simulator/7.0.3/Applications/B2C83AA0-9343-4F6F-B776-B6DA6F858834/ICS%20App.app/www/contact.html
2013-12-06 08:07:23.345 ICS App[32649:80b] Failed to load webpage with error: The URL can’t be shown
2013-12-06 08:07:25.121 ICS App[32649:80b] Resetting plugins due to page load.
2013-12-06 08:07:25.236 ICS App[32649:5207] NSURLConnection/CFURLConnection HTTP load failed (kCFStreamErrorDomainSSL, -9843)
2013-12-06 08:07:25.253 ICS App[32649:80b] Failed to load webpage with error: The certificate for this server is invalid. You might be connecting to a server that is pretending to be “maps.apple.com” which could put your confidential information at risk.
2013-12-06 08:07:27.910 ICS App[32649:80b] Resetting plugins due to page load.
2013-12-06 08:07:27.938 ICS App[32649:5207] NSURLConnection/CFURLConnection HTTP load failed (kCFStreamErrorDomainSSL, -9843)
2013-12-06 08:07:27.939 ICS App[32649:80b] Failed to load webpage with error: The certificate for this server is invalid. You might be connecting to a server that is pretending to be “maps.apple.com” which could put your confidential information at risk.
2013-12-06 08:07:31.872 ICS App[32649:80b] Resetting plugins due to page load.
2013-12-06 08:07:31.898 ICS App[32649:5207] NSURLConnection/CFURLConnection HTTP load failed (kCFStreamErrorDomainSSL, -9843)
2013-12-06 08:07:31.901 ICS App[32649:80b] Failed to load webpage with error: The certificate for this server is invalid. You might be connecting to a server that is pretending to be “maps.apple.com” which could put your confidential information at risk.
2013-12-06 08:07:37.826 ICS App[32649:80b] Failed to load webpage with error: The URL can’t be shown
2013-12-06 08:07:50.764 ICS App[32649:80b] Resetting plugins due to page load.
2013-12-06 08:07:50.843 ICS App[32649:5207] NSURLConnection/CFURLConnection HTTP load failed (kCFStreamErrorDomainSSL, -9843)
2013-12-06 08:07:50.845 ICS App[32649:80b] Failed to load webpage with error: The certificate for this server is invalid. You might be connecting to a server that is pretending to be “maps.apple.com” which could put your confidential information at risk.
2013-12-06 08:08:07.701 ICS App[32649:80b] Resetting plugins due to page load.
2013-12-06 08:08:07.936 ICS App[32649:80b] Finished load of: file:///Users/Dylan/Library/Application%20Support/iPhone%20Simulator/7.0.3/Applications/B2C83AA0-9343-4F6F-B776-B6DA6F858834/ICS%20App.app/www/calendar.html
2013-12-06 08:08:38.784 ICS App[32649:80b] Resetting plugins due to page load.
2013-12-06 08:08:39.117 ICS App[32649:80b] Finished load of: file:///Users/Dylan/Library/Application%20Support/iPhone%20Simulator/7.0.3/Applications/B2C83AA0-9343-4F6F-B776-B6DA6F858834/ICS%20App.app/www/index.html
2013-12-06 08:12:38.777 ICS App[32649:80b] Resetting plugins due to page load.
2013-12-06 08:12:39.117 ICS App[32649:80b] Finished load of: file:///Users/Dylan/Library/Application%20Support/iPhone%20Simulator/7.0.3/Applications/B2C83AA0-9343-4F6F-B776-B6DA6F858834/ICS%20App.app/www/index.html
2013-12-06 08:17:02.950 ICS App[33360:80b] Multi-tasking -> Device: YES, App: YES
2013-12-06 08:17:02.961 ICS App[33360:80b] Unlimited access to network resources
2013-12-06 08:17:03.186 ICS App[33360:80b] Resetting plugins due to page load.
2013-12-06 08:17:03.691 ICS App[33360:80b] Finished load of: file:///Users/Dylan/Library/Application%20Support/iPhone%20Simulator/7.0.3/Applications/B2C83AA0-9343-4F6F-B776-B6DA6F858834/ICS%20App.app/www/index.html
2013-12-06 12:08:42.093 ICS App[33360:80b] Resetting plugins due to page load.
2013-12-06 12:08:42.117 ICS App[33360:80b] Finished load of: file:///Users/Dylan/Library/Application%20Support/iPhone%20Simulator/7.0.3/Applications/B2C83AA0-9343-4F6F-B776-B6DA6F858834/ICS%20App.app/www/teachers/livingston.html
2013-12-06 12:08:46.114 ICS App[33360:80b] Resetting plugins due to page load.
2013-12-06 12:08:46.744 ICS App[33360:80b] Finished load of: file:///Users/Dylan/Library/Application%20Support/iPhone%20Simulator/7.0.3/Applications/B2C83AA0-9343-4F6F-B776-B6DA6F858834/ICS%20App.app/www/calendar.html
2013-12-06 12:08:56.755 ICS App[33360:80b] Resetting plugins due to page load.
2013-12-06 12:08:56.780 ICS App[33360:80b] Finished load of: file:///Users/Dylan/Library/Application%20Support/iPhone%20Simulator/7.0.3/Applications/B2C83AA0-9343-4F6F-B776-B6DA6F858834/ICS%20App.app/www/contact.html
2013-12-06 12:09:07.247 ICS App[33360:80b] Resetting plugins due to page load.
2013-12-06 12:09:07.655 ICS App[33360:80b] Finished load of: file:///Users/Dylan/Library/Application%20Support/iPhone%20Simulator/7.0.3/Applications/B2C83AA0-9343-4F6F-B776-B6DA6F858834/ICS%20App.app/www/index.html
2013-12-06 13:48:39.090 ICS App[34570:80b] Multi-tasking -> Device: YES, App: YES
2013-12-06 13:48:39.129 ICS App[34570:80b] Unlimited access to network resources
2013-12-06 13:48:39.343 ICS App[34570:80b] Resetting plugins due to page load.
2013-12-06 13:48:40.303 ICS App[34570:80b] Finished load of: file:///Users/Dylan/Library/Application%20Support/iPhone%20Simulator/7.0.3/Applications/B2C83AA0-9343-4F6F-B776-B6DA6F858834/ICS%20App.app/www/index.html
2013-12-06 13:51:45.059 ICS App[35558:80b] Multi-tasking -> Device: YES, App: YES
2013-12-06 13:51:45.070 ICS App[35558:80b] Unlimited access to network resources
2013-12-06 13:51:45.282 ICS App[35558:80b] Resetting plugins due to page load.
2013-12-06 13:51:45.747 ICS App[35558:80b] Finished load of: file:///Users/Dylan/Library/Application%20Support/iPhone%20Simulator/7.0.3/Applications/B2C83AA0-9343-4F6F-B776-B6DA6F858834/ICS%20App.app/www/index.html
